<?xml version="1.0" encoding="UTF-8"?>
<!-- Generated by org.testng.reporters.JUnitReportReporter -->
<testsuite hostname="ARPGL005177" failures="0" tests="2" name="com.maersk.assignment.tests.OpenWeatherAPITest" time="1.465" errors="0" timestamp="12 Jan 2022 12:29:42 GMT" skipped="0">
  <testcase classname="com.maersk.assignment.tests.OpenWeatherAPITest" name="getWeatherData" time="1.231"/>
  <testcase classname="com.maersk.assignment.tests.OpenWeatherAPITest" name="getWeatherData" time="0.234"/>
</testsuite> <!-- com.maersk.assignment.tests.OpenWeatherAPITest -->
