<?xml version="1.0" encoding="UTF-8"?>
<!-- Generated by org.testng.reporters.JUnitReportReporter -->
<testsuite hostname="ARPGL005177" failures="0" tests="1" name="com.maersk.assignment.tests.BlazeDemoOrder" time="9.253" errors="0" timestamp="12 Jan 2022 12:40:00 GMT" skipped="0">
  <testcase classname="com.maersk.assignment.tests.BlazeDemoOrder" name="bookFlight" time="9.253"/>
</testsuite> <!-- com.maersk.assignment.tests.BlazeDemoOrder -->
